{"/project/workspace/src/components/Button.js": {"path":"/project/workspace/src/components/Button.js","statementMap":{"0":{"start":{"line":1,"column":15},"end":{"line":8,"column":1}},"1":{"start":{"line":7,"column":2},"end":{"line":7,"column":66}}},"fnMap":{"0":{"name":"(anonymous_0)","decl":{"start":{"line":1,"column":15},"end":{"line":1,"column":16}},"loc":{"start":{"line":7,"column":2},"end":{"line":7,"column":66}},"line":7}},"branchMap":{},"s":{"0":2,"1":2},"f":{"0":2},"b":{},"_coverageSchema":"1a1c01bbd47fc00a2c39e90264f33305004495a9","hash":"b9724ac08d6f748312fb3e171942197a6025d010"}
,"/project/workspace/src/containers/LayoutPadrao.js": {"path":"/project/workspace/src/containers/LayoutPadrao.js","statementMap":{"0":{"start":{"line":5,"column":2},"end":{"line":10,"column":4}}},"fnMap":{"0":{"name":"LayoutPadrao","decl":{"start":{"line":4,"column":9},"end":{"line":4,"column":21}},"loc":{"start":{"line":4,"column":24},"end":{"line":11,"column":1}},"line":4}},"branchMap":{},"s":{"0":0},"f":{"0":0},"b":{}}
,"/project/workspace/src/pages/ApresentadoresForm.js": {"path":"/project/workspace/src/pages/ApresentadoresForm.js","statementMap":{"0":{"start":{"line":11,"column":15},"end":{"line":21,"column":2}},"1":{"start":{"line":32,"column":6},"end":{"line":34,"column":4}},"2":{"start":{"line":35,"column":24},"end":{"line":35,"column":36}},"3":{"start":{"line":36,"column":30},"end":{"line":36,"column":42}},"4":{"start":{"line":38,"column":2},"end":{"line":38,"column":21}},"5":{"start":{"line":40,"column":24},"end":{"line":58,"column":3}},"6":{"start":{"line":41,"column":16},"end":{"line":41,"column":45}},"7":{"start":{"line":42,"column":4},"end":{"line":57,"column":5}},"8":{"start":{"line":43,"column":6},"end":{"line":54,"column":7}},"9":{"start":{"line":44,"column":21},"end":{"line":44,"column":41}},"10":{"start":{"line":45,"column":8},"end":{"line":50,"column":9}},"11":{"start":{"line":46,"column":10},"end":{"line":46,"column":27}},"12":{"start":{"line":47,"column":10},"end":{"line":47,"column":33}},"13":{"start":{"line":49,"column":10},"end":{"line":49,"column":39}},"14":{"start":{"line":52,"column":8},"end":{"line":52,"column":54}},"15":{"start":{"line":53,"column":8},"end":{"line":53,"column":29}},"16":{"start":{"line":56,"column":6},"end":{"line":56,"column":28}},"17":{"start":{"line":60,"column":19},"end":{"line":68,"column":3}},"18":{"start":{"line":61,"column":4},"end":{"line":61,"column":51}},"19":{"start":{"line":62,"column":4},"end":{"line":67,"column":7}},"20":{"start":{"line":70,"column":2},"end":{"line":118,"column":4}}},"fnMap":{"0":{"name":"ApresentadoresForm","decl":{"start":{"line":23,"column":24},"end":{"line":23,"column":42}},"loc":{"start":{"line":23,"column":45},"end":{"line":119,"column":1}},"line":23},"1":{"name":"(anonymous_1)","decl":{"start":{"line":40,"column":24},"end":{"line":40,"column":25}},"loc":{"start":{"line":40,"column":36},"end":{"line":58,"column":3}},"line":40},"2":{"name":"(anonymous_2)","decl":{"start":{"line":60,"column":19},"end":{"line":60,"column":20}},"loc":{"start":{"line":60,"column":26},"end":{"line":68,"column":3}},"line":60},"3":{"name":"(anonymous_3)","decl":{"start":{"line":114,"column":70},"end":{"line":114,"column":71}},"loc":{"start":{"line":114,"column":74},"end":{"line":114,"column":76}},"line":114}},"branchMap":{"0":{"loc":{"start":{"line":42,"column":4},"end":{"line":57,"column":5}},"type":"if","locations":[{"start":{"line":42,"column":4},"end":{"line":57,"column":5}},{"start":{"line":55,"column":11},"end":{"line":57,"column":5}}],"line":42},"1":{"loc":{"start":{"line":45,"column":8},"end":{"line":50,"column":9}},"type":"if","locations":[{"start":{"line":45,"column":8},"end":{"line":50,"column":9}},{"start":{"line":48,"column":15},"end":{"line":50,"column":9}}],"line":45},"2":{"loc":{"start":{"line":78,"column":13},"end":{"line":80,"column":13}},"type":"binary-expr","locations":[{"start":{"line":78,"column":13},"end":{"line":78,"column":24}},{"start":{"line":79,"column":14},"end":{"line":79,"column":66}}],"line":78},"3":{"loc":{"start":{"line":85,"column":13},"end":{"line":87,"column":13}},"type":"binary-expr","locations":[{"start":{"line":85,"column":13},"end":{"line":85,"column":25}},{"start":{"line":86,"column":14},"end":{"line":86,"column":67}}],"line":85},"4":{"loc":{"start":{"line":97,"column":13},"end":{"line":97,"column":78}},"type":"binary-expr","locations":[{"start":{"line":97,"column":13},"end":{"line":97,"column":23}},{"start":{"line":97,"column":27},"end":{"line":97,"column":78}}],"line":97}},"s":{"0":0,"1":0,"2":0,"3":0,"4":0,"5":0,"6":0,"7":0,"8":0,"9":0,"10":0,"11":0,"12":0,"13":0,"14":0,"15":0,"16":0,"17":0,"18":0,"19":0,"20":0},"f":{"0":0,"1":0,"2":0,"3":0},"b":{"0":[0,0],"1":[0,0],"2":[0,0],"3":[0,0],"4":[0,0]}}
,"/project/workspace/src/pages/Home.js": {"path":"/project/workspace/src/pages/Home.js","statementMap":{"0":{"start":{"line":5,"column":27},"end":{"line":5,"column":38}},"1":{"start":{"line":6,"column":22},"end":{"line":8,"column":3}},"2":{"start":{"line":7,"column":4},"end":{"line":7,"column":24}},"3":{"start":{"line":9,"column":2},"end":{"line":15,"column":4}}},"fnMap":{"0":{"name":"Home","decl":{"start":{"line":4,"column":9},"end":{"line":4,"column":13}},"loc":{"start":{"line":4,"column":16},"end":{"line":16,"column":1}},"line":4},"1":{"name":"(anonymous_1)","decl":{"start":{"line":6,"column":22},"end":{"line":6,"column":23}},"loc":{"start":{"line":6,"column":28},"end":{"line":8,"column":3}},"line":6}},"branchMap":{},"s":{"0":1,"1":1,"2":0,"3":1},"f":{"0":1,"1":0},"b":{},"_coverageSchema":"1a1c01bbd47fc00a2c39e90264f33305004495a9","hash":"e0cd5edeb74e89d1d7f739d535a3642ea59f39e6"}
}
