TN:
SF:src/components/Button.js
FN:1,(anonymous_0)
FNF:1
FNH:1
FNDA:2,(anonymous_0)
DA:1,2
DA:7,2
LF:2
LH:2
BRF:0
BRH:0
end_of_record
TN:
SF:src/containers/LayoutPadrao.js
FN:4,LayoutPadrao
FNF:1
FNH:0
FNDA:0,LayoutPadrao
DA:5,0
LF:1
LH:0
BRF:0
BRH:0
end_of_record
TN:
SF:src/pages/ApresentadoresForm.js
FN:23,ApresentadoresForm
FN:40,(anonymous_1)
FN:60,(anonymous_2)
FN:114,(anonymous_3)
FNF:4
FNH:0
FNDA:0,ApresentadoresForm
FNDA:0,(anonymous_1)
FNDA:0,(anonymous_2)
FNDA:0,(anonymous_3)
DA:11,0
DA:32,0
DA:35,0
DA:36,0
DA:38,0
DA:40,0
DA:41,0
DA:42,0
DA:43,0
DA:44,0
DA:45,0
DA:46,0
DA:47,0
DA:49,0
DA:52,0
DA:53,0
DA:56,0
DA:60,0
DA:61,0
DA:62,0
DA:70,0
LF:21
LH:0
BRDA:42,0,0,0
BRDA:42,0,1,0
BRDA:45,1,0,0
BRDA:45,1,1,0
BRDA:78,2,0,0
BRDA:78,2,1,0
BRDA:85,3,0,0
BRDA:85,3,1,0
BRDA:97,4,0,0
BRDA:97,4,1,0
BRF:10
BRH:0
end_of_record
TN:
SF:src/pages/Home.js
FN:4,Home
FN:6,(anonymous_1)
FNF:2
FNH:1
FNDA:1,Home
FNDA:0,(anonymous_1)
DA:5,1
DA:6,1
DA:7,0
DA:9,1
LF:4
LH:3
BRF:0
BRH:0
end_of_record
